Server Start: 2026-03-15T21:35:13.159Z
Server module entry point reached
Loading vscode-languageserver/node...
Loading other modules...
Modules loaded successfully
Collecting colors from: /home/mmischitelli/data/repos/gtk-css-extension/test/test-workspace/vars.gtk.css
Found colors in file: base_color, accent_color
Collecting colors from: /home/mmischitelli/data/repos/gtk-css-extension/test/test-workspace/vars.gtk.css
Found colors in file: base_color, accent_color
Completion requested at: 6,12
Collecting colors from: /home/mmischitelli/data/repos/gtk-css-extension/test/test-workspace/vars.gtk.css
Found colors in file: base_color, accent_color
Known colors for completion: local_color, base_color, accent_color
Line text for completion: "    color: @"
GTK Trigger detected
Returning 381 CSS items and 3 GTK items
Hover requested at: 5,25
Line text:     background-color: @base_color;
Match found: @base_color at 22-33
Checking color: base_color
Collecting colors from: /home/mmischitelli/data/repos/gtk-css-extension/test/test-workspace/vars.gtk.css
Found colors in file: base_color, accent_color
Known colors: local_color, base_color, accent_color
Color found: base_color -> #ff0000 (resolved: #ff0000)
